<?xml version="1.0" encoding="UTF-8"?>
<!-- Generated by org.testng.reporters.JUnitReportReporter -->
<testsuite hostname="DL54W4WV2" failures="0" tests="3" name="test.global.footer.computer.BuyingStandardComputerTest" time="69.980" errors="0" timestamp="2022-09-28T14:05:45 ICT" skipped="0">
  <testcase classname="test.global.footer.computer.BuyingStandardComputerTest" name="testStandardComputerBuying" time="23.935"/>
  <system-out/>
  <testcase classname="test.global.footer.computer.BuyingStandardComputerTest" name="testStandardComputerBuying" time="23.683"/>
  <system-out/>
  <testcase classname="test.global.footer.computer.BuyingStandardComputerTest" name="testStandardComputerBuying" time="22.362"/>
  <system-out/>
</testsuite> <!-- test.global.footer.computer.BuyingStandardComputerTest -->
