<?xml version="1.0" encoding="UTF-8"?>
<!-- Generated by org.testng.reporters.JUnitReportReporter -->
<testsuite hostname="DL54W4WV2" failures="0" tests="3" name="test.global.footer.computer.BuyingCheapComputerTest" time="90.500" errors="0" timestamp="2022-09-28T14:05:45 ICT" skipped="0">
  <testcase classname="test.global.footer.computer.BuyingCheapComputerTest" name="testCheapComputerBuying" time="45.720"/>
  <system-out/>
  <testcase classname="test.global.footer.computer.BuyingCheapComputerTest" name="testCheapComputerBuying" time="22.665"/>
  <system-out/>
  <testcase classname="test.global.footer.computer.BuyingCheapComputerTest" name="testCheapComputerBuying" time="22.115"/>
  <system-out/>
</testsuite> <!-- test.global.footer.computer.BuyingCheapComputerTest -->
