<?xml version="1.0" encoding="UTF-8"?>
<!-- Generated by org.testng.reporters.JUnitReportReporter -->
<testsuite hostname="DL54W4WV2" failures="0" tests="3" name="test.testng.DataProviderTest" time="0.004" errors="0" timestamp="2022-09-28T14:05:45 ICT" skipped="0">
  <testcase classname="test.testng.DataProviderTest" name="testDataProvider" time="0.002"/>
  <system-out/>
  <testcase classname="test.testng.DataProviderTest" name="testDataProvider" time="0.001"/>
  <system-out/>
  <testcase classname="test.testng.DataProviderTest" name="testDataProvider" time="0.001"/>
  <system-out/>
</testsuite> <!-- test.testng.DataProviderTest -->
