<?xml version="1.0" encoding="UTF-8"?>
<!-- Generated by org.testng.reporters.JUnitReportReporter -->
<testsuite hostname="DL54W4WV2" failures="0" tests="3" name="test.testng.DataProviderComputerData" time="0.104" errors="0" timestamp="2022-09-28T14:05:45 ICT" skipped="0">
  <testcase classname="test.testng.DataProviderComputerData" name="testDataProvider" time="0.002"/>
  <system-out/>
  <testcase classname="test.testng.DataProviderComputerData" name="testDataProvider" time="0.099"/>
  <system-out/>
  <testcase classname="test.testng.DataProviderComputerData" name="testDataProvider" time="0.003"/>
  <system-out/>
</testsuite> <!-- test.testng.DataProviderComputerData -->
