<?xml version="1.0" encoding="UTF-8"?>
<!-- Generated by org.testng.reporters.JUnitReportReporter -->
<testsuite hostname="DL54W4WV2" failures="0" tests="2" name="test.testng.TestNGHook02" time="0.006" errors="0" timestamp="2022-09-28T14:05:45 ICT" skipped="0">
  <testcase classname="test.testng.TestNGHook02" name="testSth" time="0.004"/>
  <system-out/>
  <testcase classname="test.testng.TestNGHook02" name="testSthElse" time="0.002"/>
  <system-out/>
</testsuite> <!-- test.testng.TestNGHook02 -->
